1-0-0,0,0,0,なし
1-0-40,0,0,0,テストエリア１
1-0-28,0,0,0,テストエリア２
1-0-52,0,0,0,ダングルフの涸れ谷
1-0-56,-46,81,-46,デルクフの塔
1-0-57,-139,21,129,ザルカバード
1-0-58,-282,19,20,クフィム島
1-0-60,-87,-17,47,ズヴァール城外郭
1-0-61,-59,0,-60,ベドー
1-0-62,17,-25,-46,クゥルンの大伽藍
1-0-63,60,0,-114,オズトロヤ城
1-0-64,-339,-25,22,祭壇の間
1-0-65,158,-8,-121,トライマライ水路
1-0-71,-75,-16,-289,ブブリム半島
1-0-72,370,-1,-63,ボスディン氷河
1-0-73,110,-13,18,ズヴァール城内郭
1-0-74,0,0,0,ズヴァール城・王の間
1-0-75,-421,28,-165,シャクラミの地下迷宮
1-0-76,391,32,20,クロウラーの巣
1-0-77,-181,39,277,エルディーム古墳
1-0-78,-56,1,-186,ウィンダス水の区
1-0-79,1,11,8,ウィンダス石の区
1-0-80,-191,1,56,ウィンダス港
1-0-81,-10,-2,-47,ウィンダス森の区
1-0-88,165,0,59,パルブロ鉱山
1-0-89,-60,0,20,ワールンの祠
1-0-90,219,-19,300,コンシュタット高地
1-0-92,-113,0,281,オルデール鍾乳洞
1-0-95,59,0,151,ゲルスパ野営陣
1-0-97,0,0,0,Test Chair
1-0-99,163,-3,-97,ダボイ
1-0-100,-148,8,-48,修道窟
1-0-101,-175,33,-700,メリファト山地
1-0-102,325,-2,-142,バルクルム砂丘
1-0-104,-130,0,-241,ギデアス
1-0-105,19,3,-20,バルガの舞台
1-0-108,-84,0,-222,ボストーニュ監獄
1-0-112,-266,0,29,内ホルトト遺跡
1-0-113,26,0,-52,サンドリア港
1-0-114,25,-3,326,ジャグナー森林
1-0-115,420,-19,20,ラテーヌ高原
1-0-120,-377,9,-402,西ロンフォール
1-0-121,448,9,-375,東ロンフォール
1-0-122,263,-6,219,バタリア丘陵
1-0-123,-337,-48,419,北グスタベルグ
1-0-124,260,0,-190,南グスタベルグ
1-0-125,212,-24,151,パシュハウ沼
1-0-126,250,30,-272,ロランベリー耕地
1-0-127,-383,-6,-377,西サルタバルタ
1-1-0,-69,-9,-703,東サルタバルタ
1-1-1,99,-35,338,タロンギ大峡谷
1-1-2,287,-38,411,ソロムグ原野
1-1-3,-240,19,46,ベヒーモスの縄張り
1-1-4,180,-9,216,不明
1-1-5,0,0,0,ロビーサーバー（キャラ選択画面）
1-1-6,441,38,-20,ホルレーの岩峰
1-1-7,159,83,17,ゲルスパ砦
1-1-8,-134,0,-52,ユグホトの岩屋
1-1-9,-367,177,-47,デルクフの塔・出口
1-1-10,-203,35,87,ラングモント峠
1-1-11,-84,0,19,ツェールン鉱山
1-1-12,0,0,0,不明
1-1-13,406,33,86,デルクフの塔・中層
1-1-14,-98,-8,58,竜王ランペールの墓
1-1-16,37,10,437,グスゲン鉱山
1-1-17,-384,11,428,ガルレージュ要塞
1-1-18,-164,15,-84,フェ・イン
1-1-19,0,0,96,ク・ピアの闘技場
1-1-20,0,0,0,モグハウス・ジュノ
1-1-21,0,0,0,モグハウス・サンドリア
1-1-22,0,0,0,モグハウス・バストゥーク
1-1-23,0,0,0,モグハウス・ウィンダス
1-1-24,0,0,0,船0
1-1-25,0,0,0,船1
1-1-26,0,0,0,飛空挺
1-1-27,0,0,0,飛空挺
1-1-28,0,0,0,飛空挺
1-1-29,0,0,0,船
1-1-30,0,0,0,船
1-1-31,111,0,77,南サンドリア
1-1-32,-1,0,60,北サンドリア
1-1-33,0,0,0,ドラギーユ城
1-1-34,-83,0,-9,バストゥーク鉱山区
1-1-35,-241,10,-63,バストゥーク商業区
1-1-36,110,-9,-84,バストゥーク港
1-1-37,29,13,-5,大工房
1-1-38,0,0,-31,天の塔
1-1-39,0,0,-103,ル・ルデの庭
1-1-40,44,4,-76,ジュノ上層
1-1-41,-58,-5,-71,ジュノ下層
1-1-42,-53,-12,-117,ジュノ港
1-1-43,17,1,-58,セルビナ
1-1-44,-6,1,25,マウラ
1-1-45,0,0,0,モグハウス・サンドリア
1-1-46,0,0,0,モグハウス・バストゥーク
1-1-47,0,0,0,モグハウス・ウィンダス
1-1-48,-119,5,-3,不明
1-1-49,-115,6,-11,不明
1-1-50,-41,11,-133,不明
1-1-51,11,8,5,不明
1-1-52,18,4,-3,不明
1-1-53,21,0,60,不明
1-1-54,-69,2,29,不明
1-1-55,-86,3,26,不明
1-1-56,-53,1,-28,不明
1-1-57,6,0,-2,不明
1-1-58,-13,0,-14,不明
1-1-59,-66,0,9,不明
1-1-60,12,0,47,不明
1-1-61,201,11,-58,不明
1-1-62,289,13,-133,不明
1-1-63,306,12,-149,不明
1-1-64,218,5,51,不明
1-1-65,81,6,-133,不明
1-1-66,316,11,-174,不明
1-1-67,157,5,-74,不明
1-1-68,155,4,-116,不明
1-1-69,38,8,-71,不明
1-1-70,175,6,67,不明
1-1-71,97,5,-84,不明
1-1-72,287,16,-140,不明
1-1-73,305,16,-157,不明
1-1-74,322,16,-177,不明
1-1-75,104,0,24,不明
1-1-76,103,0,-21,不明
1-1-77,18,11,27,不明
1-1-78,-57,17,34,不明
1-1-79,-24,16,35,不明
1-1-80,-23,17,-29,不明
1-1-81,17,11,-25,不明
1-1-82,15,11,-1,不明
1-1-83,53,-1,29,不明
1-1-84,54,0,-27,不明
1-1-85,-102,20,0,不明
1-1-86,-109,19,-14,不明
1-1-87,-95,21,12,不明
1-1-88,-96,20,-12,不明
1-1-89,-136,19,37,不明
1-1-90,-56,17,-34,不明
1-1-91,-106,20,11,不明
1-1-92,26,-6,1,不明
1-1-93,-132,19,-37,不明
1-1-94,17,-4,-77,不明
1-1-95,73,5,-7,不明
1-1-96,101,0,33,不明
1-1-97,158,9,7,不明
1-1-98,140,2,-18,不明
1-1-99,78,0,33,不明
1-1-100,-54,5,36,不明
1-1-101,-43,7,61,不明
1-1-102,-90,9,24,不明
1-1-103,187,3,3,不明
1-1-104,191,10,16,不明
1-1-105,8,0,-99,不明
1-1-106,-88,0,109,不明
1-1-107,144,5,1,不明
1-1-108,-85,0,61,不明
1-1-109,-76,1,36,不明
1-1-110,143,7,40,不明
1-1-111,286,11,96,不明
1-1-112,124,3,0,不明
1-1-113,186,4,97,不明
1-1-114,117,8,100,不明
1-1-115,-164,2,42,不明
1-1-116,-157,1,62,不明
1-1-117,211,4,70,不明
1-1-118,92,7,91,不明
1-1-119,79,7,69,不明
1-1-120,-156,1,17,不明
1-1-121,178,-10,267,不明
1-1-122,173,-1,279,不明
1-1-123,191,-2,162,不明
1-1-124,188,-9,147,不明
1-1-125,134,3,61,不明
1-1-126,100,3,41,不明
1-1-127,187,0,207,不明
1-2-0,55,3,34,不明
1-2-1,0,0,0,不明
1-2-2,0,0,0,不明
1-2-3,0,0,0,不明
1-2-4,0,0,0,不明
1-2-5,0,0,0,不明
1-2-6,0,0,0,不明
1-2-7,0,0,0,不明
1-2-8,0,0,0,不明
1-2-9,0,0,0,不明
1-2-10,0,0,0,不明
1-2-11,0,0,0,不明
1-2-12,0,0,0,不明
1-2-13,0,0,0,不明
1-2-14,0,0,0,不明
1-2-15,0,0,0,不明
1-2-16,0,0,0,不明
1-2-17,0,0,0,不明
1-2-18,0,0,0,不明
1-2-19,0,0,0,不明
1-2-20,0,0,0,不明
1-2-21,0,0,0,不明
1-2-22,0,0,0,不明
1-2-23,0,0,0,不明
1-2-24,0,0,0,不明
1-2-25,0,0,0,不明
1-2-26,0,0,0,不明
1-2-27,0,0,0,不明
1-2-28,0,0,0,不明
1-2-29,0,0,0,不明
1-2-30,0,0,0,不明
1-2-31,0,0,0,不明
1-2-32,0,0,0,不明
1-2-33,0,0,0,不明
1-2-34,0,0,0,不明
1-2-35,0,0,0,不明
1-2-36,0,0,0,不明
1-2-37,0,0,0,不明
1-2-38,0,0,0,不明
1-2-39,0,0,0,不明
1-2-40,0,0,0,不明
1-2-41,0,0,0,不明
1-2-42,0,0,0,不明
1-2-43,0,0,0,不明
1-2-44,0,0,0,不明
1-2-45,0,0,0,不明
1-2-46,0,0,0,不明
1-2-47,0,0,0,不明
1-2-48,0,0,0,不明
1-2-49,0,0,0,不明
1-2-50,0,0,0,不明
1-2-51,0,0,0,不明
1-2-52,0,0,0,不明
1-2-53,0,0,0,不明
1-2-54,0,0,0,不明
1-2-55,0,0,0,不明
1-2-56,0,0,0,不明
1-2-57,0,0,0,不明
1-2-58,0,0,0,不明
1-2-59,0,0,0,不明
1-2-60,0,0,0,不明
1-2-61,0,0,0,不明
1-2-62,0,0,0,不明
1-2-63,0,0,0,不明
1-2-64,0,0,0,不明
1-2-65,0,0,0,不明
1-2-66,0,0,0,不明
1-2-67,0,0,0,不明
1-2-68,0,0,0,不明
1-2-69,0,0,0,不明
1-2-70,0,0,0,不明
1-2-72,0,0,0,不明
1-2-73,0,0,0,不明
1-2-74,0,0,0,不明
1-2-75,0,0,0,不明
1-2-76,0,0,0,不明
1-2-77,0,0,0,不明
1-2-78,0,0,0,不明
1-2-79,0,0,0,不明
1-2-80,0,0,0,不明
1-2-81,0,0,0,不明
1-2-82,0,0,0,不明
1-2-83,0,0,0,不明
1-2-84,0,0,0,不明
1-2-85,0,0,0,不明
1-2-86,0,0,0,不明
1-2-87,0,0,0,不明
1-2-88,0,0,0,不明
1-2-89,0,0,0,不明
1-2-90,0,0,0,不明
1-2-91,0,0,0,不明
1-2-92,0,0,0,不明
1-2-93,0,0,0,不明
1-2-94,0,0,0,不明
1-2-95,0,0,0,不明
1-2-96,0,0,0,不明
1-2-97,0,0,0,不明
1-2-98,0,0,0,不明
1-2-99,0,0,0,不明
1-2-100,0,0,0,不明
1-2-101,0,0,0,不明
1-2-102,0,0,0,不明
1-2-103,0,0,0,不明
1-2-104,0,0,0,不明
1-2-105,0,0,0,不明
1-2-106,0,0,0,不明
1-2-107,0,0,0,不明
1-2-108,0,0,0,不明
1-2-109,0,0,0,不明
1-2-110,0,0,0,不明
1-2-111,0,0,0,不明
1-2-113,0,0,0,不明
1-2-114,0,0,0,不明
1-2-115,0,0,0,不明
1-2-116,0,0,0,不明
1-2-117,0,0,0,不明
1-2-118,0,0,0,不明
1-2-119,0,0,0,不明
1-2-121,0,0,0,不明
1-2-122,0,0,0,不明
1-2-123,0,0,0,不明
1-2-124,0,0,0,不明
1-2-125,0,0,0,不明
1-303-26,107,5,-91,不明
2-0-0,0,0,0,テリガン岬
2-0-1,467,5,-48,東アルテパ砂漠
2-0-2,-41,0,-147,聖地ジ・タ
2-0-3,0,8,-153,ロ・メーヴ
2-0-4,-442,-16,-399,ユタンガ大森林
2-0-5,-280,0,-145,ヨアトル大森林
2-0-6,-822,11,-617,西アルテパ砂漠
2-0-7,138,5,-60,慟哭の谷
2-0-8,4,19,-105,ボヤーダ樹
2-0-9,85,-6,39,龍のねぐら
2-0-10,58,-1,-68,ウガレピ寺院
2-0-11,198,0,0,宣託の間
2-0-12,-60,-9,61,満月の泉
2-0-13,478,39,139,コロロカの洞門
2-0-14,-4,38,-299,クフタルの洞門
2-0-15,-59,0,435,海蛇の洞窟
2-0-16,0,-2,41,トゥーリア
2-0-17,23,18,30,突風の回廊
2-0-18,23,18,30,雷鳴の回廊
2-0-19,23,18,30,凍結の回廊
2-0-20,-70,-18,-12,イフリートの釜
2-0-21,23,18,30,灼熱の回廊
2-0-22,23,18,30,震動の回廊
2-0-23,23,18,30,海流の回廊
2-0-24,0,0,0,飛空挺
2-0-25,-5,3,-1,カザム
2-0-27,0,0,0,ノーグ
2-0-28,0,0,0,不明
2-0-29,0,0,0,不明
2-0-30,0,0,0,不明
2-0-31,0,0,0,不明
2-0-32,0,0,0,不明
2-0-33,0,0,0,不明
2-0-34,0,0,0,不明
2-0-35,0,0,0,不明
2-0-36,0,0,0,不明
2-0-37,0,0,0,不明
2-12-107,0+,43,-204,ル・オンの庭
2-12-108,-419,40,-419,ボスディン氷河
2-12-109,-139,20,139,ザルカバード
2-12-110,48,20,97,怨念洞
2-12-111,29,0,-18,生け贄の間
2-12-112,356,23,-257,ヴェルガノン宮殿
2-12-113,-42,1,-245,ル・アビタウ神殿
2-12-114,-12,18,14,ラ・ロフの劇場
2-12-115,-45,19,-25,宿星の座
2-12-116,-102,0,-47,南サンドリア
2-12-117,-15,1,-124,バストゥーク鉱山区
2-12-118,95,2,-150,ウィンダス石の区
2-12-119,0,0,-105,ジュノ・ルルデの庭
2-12-120,-737,15,-501,流砂洞
2-12-121,269,49,58,グスタフの洞門
2-12-122,-53,20,-332,オンゾゾの迷路
2-12-123,15,3,-97,ラバオ
2-15-122,-19,-19,21,コンシュタット高地
2-15-123,0,-15,0,メリファト山地
2-15-124,0,0,0,不明
2-16-2,0,8,-151,ロ・メーヴ
2-21-114,0,20,149,神々の間
3-0-0,0,0,0,バージ
3-0-1,-479,5,682,ギルド桟橋
3-0-2,0,2,0,マナ・クリッパー
3-0-3,478,4,756,ビビキー湾
3-0-4,-220,29,-180,ウルガラン山脈
3-0-5,-99,133,-20,熊爪嶽
3-0-6,35,4,-204,アットワ地溝
3-0-7,606,-7,-605,アットワ地溝
3-0-8,-166,14,-100,ソ・ジャ
3-0-9,0,-7,0,異界の口
3-0-10,29,-7,102,ムバルポロス旧市街
3-0-11,10,-29,-164,ムバルポロス新市街
3-0-12,0,-1,0,２７１６号採石場
3-0-13,-267,0,279,転移の間
3-0-15,0,-19,0,プロミヴォン
3-0-16,0,0,0,プロミヴォン
3-0-17,0,0,0,プロミヴォン
3-0-18,0,0,0,プロミヴォン
3-0-19,0,-19,0,プロミヴォン
3-0-20,0,0,0,プロミヴォン
3-0-21,0,0,0,プロミヴォン
3-0-22,0,0,0,プロミヴァン
3-0-23,-127,0,-407,ルフェーゼ野
3-0-24,-96,24,658,ミザレオ海岸
3-0-25,0,22,-22,タブナジア地下壕
3-0-26,180,0,60,フォミュナ水道
3-0-27,18,-1,1,フォミュナ水道
3-0-28,-56,0,-419,リヴェーヌ岩塊群サイトA01
3-0-29,182,0,341,リヴェーヌ岩塊群サイトB01
3-0-30,0,-2,0,帝龍の飛泉
3-0-31,0,0,0,海獅子BC
3-0-32,0,0,-550,アル・タユ
3-0-33,-220,0,61,不明
3-0-34,0,0,0,不明
3-0-35,0,0,0,不明
3-0-43,0,0,0,不明
3-0-44,0,0,0,不明
3-0-45,0,0,0,不明
3-0-46,0,0,0,不明
3-0-47,0,33,-93,不明
3-0-48,392,18,459,不明
3-0-49,0,0,0,不明
3-0-50,0,20,147,礼拝の間
3-0-51,0,-2,-24,礼拝の間
3-0-52,0,0,0,不明
3-3-82,0,0,0,不明
3-3-83,-419,40,-419,ボスディン氷河
3-5-1,0,0,0,プロミヴォン
3-5-2,836,7,456,バルクルム砂丘
3-5-3,-332,41,298,ブブリム半島
3-5-4,-262,19,318,クフィム島
3-5-5,0,22,11,タブナジア地下壕
3-5-6,100,0,-22,ゲルスパ野営陣
3-5-7,-353,2,-454,プルゴノルゴ島
4-0-0,0,0,0,不明
4-0-1,0,2,0,不明
4-0-2,29,0,-46,アルザビ
4-0-3,-16,0,0,アトルガン白門
4-0-6,-7,0,27,ナシュモ
4-0-7,459,15,22,イルルシ環礁
4-0-8,-19,1,-23,不明
4-0-9,-134,15,-140,不明
4-0-10,19,7,132,ナバゴ処刑場
4-0-11,0,2,0,不明
4-0-12,0,2,0,不明
4-0-13,-5,21,21,アシュタリフ号
4-0-14,34,21,76,ゼオルム火山
4-0-15,-20,-20,-434,ハルブーン
4-0-16,153,29,174,レベロス風穴
4-0-17,-10,15,-28,トロール系BC
4-0-18,76,-14,-150,マムーク
4-0-19,5,-2,-35,マムージャ兵訓練所
4-0-20,-1,-8,3,翡翠廟
4-0-21,-92,-36,-45,エジワ蘿洞
4-0-22,0,3,0,ルジャワン霊窟
4-0-24,0,0,0,コロセウム
4-0-25,7,3,-20,アルザダール海底遺跡群
4-0-26,10,0,10,ゼオルム遺構
4-0-27,10,0,10,アラパゴ遺構
4-0-28,10,0,10,バフラウ遺構
4-0-29,10,0,10,銀海遺構
4-0-30,5,0,5,ナイズル島
4-0-31,121,195,-42,ハルザム試験場
4-0-32,-429,-8,-586,カダーバの浮沼
4-0-33,0,0,0,皇民区モグハウス
4-1-99,720,15,222,ワジャーム森林
4-5-0,0,0,0,不明
4-5-1,0,0,0,不明
4-5-2,0,0,0,不明
4-5-3,0,0,0,不明
4-5-4,0,0,0,不明
4-5-7,0,0,0,アトルガン宮殿
4-5-106,-57,0,-80,チョコボサーキット
4-7-55,0,23,138,不明
5-0-0,0,0,0,南サンドリア
5-0-1,102,59,255,東ロンフォール
5-0-2,73,0,-6,ジャグナー森林
5-0-3,-20,32,317,ブンカール浦
5-0-4,0,0,0,バタリア丘陵
5-0-5,-80,-3,-242,ラヴォール村
5-0-6,-44,-20,-47,常花の石窟
5-0-7,-253,11,-40,バストゥーク商業区
5-0-8,379,-2,164,北グスタベルグ
5-0-9,-321,-15,-522,グロウベルグ
5-0-10,413,-24,413,パシュハウ沼
5-0-11,165,-24,404,ロランベリー耕地
5-0-12,-212,-1,-106,ベドー
5-0-13,-158,0,-239,ルホッツ銀山
5-0-14,-53,0,-170,ウィンダス水の区
5-0-15,0,0,0,西サルタバルタ
5-0-16,-108,68,-274,カルゴナルゴ城砦
5-0-17,-153,-5,-131,メリファト山地
5-0-18,160,-32,253,ソロムグ原野
5-0-19,42,0,-119,オズトロヤ城
5-0-20,-358,0,3,ゴユの空洞
5-0-21,403,0,42,ボスディン氷河
5-0-22,-129,15,-3,ザルカバード
5-0-23,498,-11,-21,ズヴァール城外郭
5-0-24,-273,53,-45,ズヴァール城内郭
5-0-25,0,0,0,王の間
5-0-26,-58,0,62,ガルレージュ要塞
5-0-27,198,32,-154,クロウラーの巣
5-0-28,185,27,-95,エルディーム古墳
5-0-29,-130,-5,-239,ウォークオブエコーズ
5-0-30,0,0,0,不明
5-0-31,0,0,0,不明
5-0-32,0,0,0,不明
9-0-0,-272,18,-643,不明
9-0-2,10,0,0,不明
9-0-3,10,0,0,不明
9-0-4,10,10,0,不明
9-0-5,10,10,0,不明
9-0-6,10,10,0,不明
9-0-7,-161,15,-179,不明
9-0-8,-22,13,-64,不明
9-0-9,10,0,0,不明
9-0-10,77,6,20,不明
9-0-11,10,8,0,不明
9-0-12,10,0,0,不明
9-0-13,10,0,0,不明
9-0-15,69,23,-60,不明
9-0-16,-59,-26,-84,不明
9-0-17,10,0,0,不明
9-0-19,10,0,0,不明
9-0-20,-207,-21,296,不明
9-0-21,10,0,0,不明
9-0-23,10,0,0,不明
9-0-24,10,0,0,不明
9-3-84,108,2,18,不明
9-3-85,105,2,-47,不明
9-5-48,0,5,0,不明
9-5-49,91,-1,12,不明
9-5-50,27,1,33,不明
9-5-51,-93,2,-78,不明
9-5-52,41,1,-103,不明